<?xml version="1.0" encoding="UTF-8"?>
<testng-results skipped="0" failed="0" ignored="0" total="1" passed="1">
  <reporter-output>
  </reporter-output>
  <suite name="Default suite" duration-ms="38580" started-at="2019-06-25T14:26:35Z" finished-at="2019-06-25T14:27:14Z">
    <groups>
    </groups>
    <test name="Default test" duration-ms="38580" started-at="2019-06-25T14:26:35Z" finished-at="2019-06-25T14:27:14Z">
      <class name="com.facebook.Testcase.Login2">
        <test-method status="PASS" signature="successLogin()[pri:0, instance:com.facebook.Testcase.Login2@8bd1b6a]" name="successLogin" duration-ms="38535" started-at="2019-06-25T14:26:35Z" finished-at="2019-06-25T14:27:14Z">
          <reporter-output>
          </reporter-output>
        </test-method> <!-- successLogin -->
      </class> <!-- com.facebook.Testcase.Login2 -->
    </test> <!-- Default test -->
  </suite> <!-- Default suite -->
</testng-results>
